2025-04-17 18:47:20,649 - Celda 1 creada (tamaño 260x260).
2025-04-17 18:47:20,650 - Celda 2 creada (tamaño 260x260).
2025-04-17 18:47:20,650 - Celda 3 creada (tamaño 260x260).
2025-04-17 18:47:20,650 - Celda 4 creada (tamaño 260x260).
2025-04-17 18:47:20,650 - Collage: creado con 4 celdas.
2025-04-17 18:47:20,651 - Ventana principal inicializada.
2025-04-17 18:47:26,332 - Celda 1: selección cambiada a True.
2025-04-17 18:47:26,868 - Celda 2: selección cambiada a True.
2025-04-17 18:47:28,069 - Merged cells at (0,0) with span 1x2
2025-04-17 18:47:29,772 - Celda 3: selección cambiada a True.
2025-04-17 18:47:30,244 - Celda 4: selección cambiada a True.
2025-04-17 18:47:31,197 - Merged cells at (1,0) with span 1x2
2025-04-17 18:47:32,060 - Celda 1: selección cambiada a True.
2025-04-17 18:47:32,764 - Celda 3: selección cambiada a True.
2025-04-17 18:47:33,837 - Celda 2 creada (tamaño 260x260).
2025-04-17 18:47:33,837 - Celda 3 creada (tamaño 260x260).
2025-04-17 18:47:33,837 - Split merged cell at (0,0)
2025-04-17 18:47:33,838 - Celda 3 creada (tamaño 260x260).
2025-04-17 18:47:33,838 - Celda 4 creada (tamaño 260x260).
2025-04-17 18:47:33,838 - Split merged cell at (1,0)
2025-04-17 18:47:33,838 - Merged cells at (0,0) with span 2x1
2025-04-17 18:52:20,654 - Autosave completed: autosave\collage_autosave_20250417_185220.json
2025-04-17 18:57:20,663 - Autosave completed: autosave\collage_autosave_20250417_185720.json
2025-04-17 19:02:20,678 - Autosave completed: autosave\collage_autosave_20250417_190220.json
2025-04-17 19:07:20,697 - Autosave completed: autosave\collage_autosave_20250417_190720.json
2025-04-17 19:12:20,701 - Autosave completed: autosave\collage_autosave_20250417_191220.json
2025-04-17 19:17:20,712 - Autosave completed: autosave\collage_autosave_20250417_191720.json
2025-04-17 19:21:30,904 - Application closing, cleanup complete
2025-04-19 19:23:14,642 - Celda 1 creada (tamaño 260x260).
2025-04-19 19:23:14,643 - Celda 2 creada (tamaño 260x260).
2025-04-19 19:23:14,643 - Celda 3 creada (tamaño 260x260).
2025-04-19 19:23:14,643 - Celda 4 creada (tamaño 260x260).
2025-04-19 19:23:14,643 - Collage: creado con 4 celdas.
2025-04-19 19:23:14,644 - Ventana principal inicializada.
2025-04-19 19:24:21,466 - Application closing, cleanup complete
2025-04-19 19:24:47,318 - Celda 1 creada (tamaño 260x260).
2025-04-19 19:24:47,319 - Celda 2 creada (tamaño 260x260).
2025-04-19 19:24:47,319 - Celda 3 creada (tamaño 260x260).
2025-04-19 19:24:47,319 - Celda 4 creada (tamaño 260x260).
2025-04-19 19:24:47,319 - Collage: creado con 4 celdas.
2025-04-19 19:24:47,320 - Ventana principal inicializada.
2025-04-19 19:25:01,630 - Celda 1: dropEvent.
2025-04-19 19:25:01,631 - Celda 1: cargando imagen desde C:/Users/corte/VS Code Projects/Tienda Ebano/assets/images/snacks_salados/Lays Orégano 140g.webp
2025-04-19 19:25:01,693 - Image details - Size: 800x800, Format: webp
2025-04-19 19:25:01,701 - Celda 1: imagen cargada.
2025-04-19 19:25:01,702 - Successfully loaded image in cell 1
2025-04-19 19:25:06,854 - Celda 2: dropEvent.
2025-04-19 19:25:06,855 - Celda 2: cargando imagen desde C:/Users/corte/VS Code Projects/Tienda Ebano/assets/images/snacks_salados/Lays-Jamón-Serrano-140gr.webp
2025-04-19 19:25:06,855 - Image details - Size: 800x800, Format: webp
2025-04-19 19:25:06,862 - Celda 2: imagen cargada.
2025-04-19 19:25:06,862 - Successfully loaded image in cell 2
2025-04-19 19:25:09,910 - Celda 3: dropEvent.
2025-04-19 19:25:09,911 - Celda 3: cargando imagen desde C:/Users/corte/VS Code Projects/Tienda Ebano/assets/images/snacks_salados/Pancho Villa - Panchitos BBQ 100g.webp
2025-04-19 19:25:09,912 - Image details - Size: 1000x1000, Format: webp
2025-04-19 19:25:09,920 - Celda 3: imagen cargada.
2025-04-19 19:25:09,921 - Successfully loaded image in cell 3
2025-04-19 19:25:11,487 - Celda 4: dropEvent.
2025-04-19 19:25:11,488 - Celda 4: cargando imagen desde C:/Users/corte/VS Code Projects/Tienda Ebano/assets/images/snacks_salados/Pancho Villa - Panchitos Chilísimos 100g.webp
2025-04-19 19:25:11,489 - Image details - Size: 1000x1000, Format: webp
2025-04-19 19:25:11,496 - Celda 4: imagen cargada.
2025-04-19 19:25:11,497 - Successfully loaded image in cell 4
2025-04-19 19:25:13,508 - Guardando collage...
2025-04-19 19:25:19,836 - Collage guardado en C:/Users/corte/VS Code Projects/collage_maker/test2.png con alta calidad
2025-04-19 19:29:47,352 - Autosave completed: autosave\collage_autosave_20250419_192947.json
2025-04-19 19:29:55,482 - Application closing, cleanup complete
2025-04-19 19:29:58,171 - Celda 1 creada (tamaño 260x260).
2025-04-19 19:29:58,172 - Celda 2 creada (tamaño 260x260).
2025-04-19 19:29:58,172 - Celda 3 creada (tamaño 260x260).
2025-04-19 19:29:58,172 - Celda 4 creada (tamaño 260x260).
2025-04-19 19:29:58,172 - Collage: creado con 4 celdas.
2025-04-19 19:29:58,173 - Ventana principal inicializada.
2025-04-19 19:30:08,105 - Celda 1: dropEvent.
2025-04-19 19:30:08,107 - Celda 1: cargando imagen desde C:/Users/corte/VS Code Projects/Tienda Ebano/assets/images/snacks_salados/Lays Orégano 140g.webp
2025-04-19 19:30:08,121 - Image details - Size: 800x800, Format: webp
2025-04-19 19:30:08,134 - Celda 1: imagen cargada.
2025-04-19 19:30:08,138 - Successfully loaded image in cell 1
2025-04-19 19:30:15,247 - Celda 2: dropEvent.
2025-04-19 19:30:15,248 - Celda 2: cargando imagen desde C:/Users/corte/VS Code Projects/Tienda Ebano/assets/images/snacks_salados/Lays-Jamón-Serrano-140gr.webp
2025-04-19 19:30:15,249 - Image details - Size: 800x800, Format: webp
2025-04-19 19:30:15,255 - Celda 2: imagen cargada.
2025-04-19 19:30:15,256 - Successfully loaded image in cell 2
2025-04-19 19:30:18,679 - Celda 3: dropEvent.
2025-04-19 19:30:18,680 - Celda 3: cargando imagen desde C:/Users/corte/VS Code Projects/Tienda Ebano/assets/images/snacks_salados/Pancho Villa - Panchitos BBQ 100g.webp
2025-04-19 19:30:18,680 - Image details - Size: 1000x1000, Format: webp
2025-04-19 19:30:18,690 - Celda 3: imagen cargada.
2025-04-19 19:30:18,692 - Successfully loaded image in cell 3
2025-04-19 19:30:20,463 - Celda 4: dropEvent.
2025-04-19 19:30:20,464 - Celda 4: cargando imagen desde C:/Users/corte/VS Code Projects/Tienda Ebano/assets/images/snacks_salados/Pancho Villa - Panchitos Chilísimos 100g.webp
2025-04-19 19:30:20,465 - Image details - Size: 1000x1000, Format: webp
2025-04-19 19:30:20,474 - Celda 4: imagen cargada.
2025-04-19 19:30:20,476 - Successfully loaded image in cell 4
2025-04-19 19:30:21,741 - Guardando collage...
2025-04-19 19:30:25,396 - Collage guardado en C:/Users/corte/VS Code Projects/collage_maker/test3.png con alta calidad
2025-04-19 19:30:26,878 - Application closing, cleanup complete
2025-04-19 19:31:56,127 - Celda 1 creada (tamaño 260x260).
2025-04-19 19:31:56,128 - Celda 2 creada (tamaño 260x260).
2025-04-19 19:31:56,128 - Celda 3 creada (tamaño 260x260).
2025-04-19 19:31:56,128 - Celda 4 creada (tamaño 260x260).
2025-04-19 19:31:56,128 - Collage: creado con 4 celdas.
2025-04-19 19:31:56,129 - Ventana principal inicializada.
2025-04-19 19:31:58,788 - Updating grid to 2x2
2025-04-19 19:31:58,789 - Celda 1 creada (tamaño 260x260).
2025-04-19 19:31:58,790 - Celda 2 creada (tamaño 260x260).
2025-04-19 19:31:58,791 - Celda 3 creada (tamaño 260x260).
2025-04-19 19:31:58,791 - Celda 4 creada (tamaño 260x260).
2025-04-19 19:31:58,791 - Collage: creado con 4 celdas.
2025-04-19 19:31:58,843 - Celda 1: imagen cargada.
2025-04-19 19:31:58,862 - Celda 2: imagen cargada.
2025-04-19 19:31:58,882 - Celda 3: imagen cargada.
2025-04-19 19:31:58,910 - Celda 4: imagen cargada.
2025-04-19 19:31:58,911 - Collage state restored successfully
2025-04-19 19:35:57,996 - Guardando collage...
2025-04-19 19:36:04,298 - Collage guardado en C:/Users/corte/VS Code Projects/collage_maker/test3.png con alta calidad
2025-04-19 19:36:21,087 - Application closing, cleanup complete
2025-04-19 19:36:24,737 - Celda 1 creada (tamaño 260x260).
2025-04-19 19:36:24,737 - Celda 2 creada (tamaño 260x260).
2025-04-19 19:36:24,738 - Celda 3 creada (tamaño 260x260).
2025-04-19 19:36:24,738 - Celda 4 creada (tamaño 260x260).
2025-04-19 19:36:24,738 - Collage: creado con 4 celdas.
2025-04-19 19:36:24,739 - Ventana principal inicializada.
2025-04-19 19:36:50,105 - Celda 1: dropEvent.
2025-04-19 19:36:50,109 - Celda 1: cargando imagen desde C:/Users/corte/VS Code Projects/Tienda Ebano/assets/images/snacks_salados/Lays Orégano 140g.webp
2025-04-19 19:36:50,124 - Image details - Size: 800x800, Format: webp
2025-04-19 19:36:50,138 - Celda 1: imagen cargada.
2025-04-19 19:36:50,143 - Successfully loaded image in cell 1
2025-04-19 19:36:52,382 - Celda 2: dropEvent.
2025-04-19 19:36:52,384 - Celda 2: cargando imagen desde C:/Users/corte/VS Code Projects/Tienda Ebano/assets/images/snacks_salados/Lays-Jamón-Serrano-140gr.webp
2025-04-19 19:36:52,385 - Image details - Size: 800x800, Format: webp
2025-04-19 19:36:52,392 - Celda 2: imagen cargada.
2025-04-19 19:36:52,393 - Successfully loaded image in cell 2
2025-04-19 19:36:56,870 - Celda 3: dropEvent.
2025-04-19 19:36:56,872 - Celda 3: cargando imagen desde C:/Users/corte/VS Code Projects/Tienda Ebano/assets/images/snacks_salados/Papas Queso Cheddar 180g Lay's.webp
2025-04-19 19:36:56,874 - Image details - Size: 800x800, Format: webp
2025-04-19 19:36:56,882 - Celda 3: imagen cargada.
2025-04-19 19:36:56,886 - Successfully loaded image in cell 3
2025-04-19 19:36:58,855 - Celda 4: dropEvent.
2025-04-19 19:36:58,856 - Celda 4: cargando imagen desde C:/Users/corte/VS Code Projects/Tienda Ebano/assets/images/snacks_salados/Papas Rústicas Sal de Mar Marco Polo 150g.webp
2025-04-19 19:36:58,857 - Image details - Size: 800x800, Format: webp
2025-04-19 19:36:58,864 - Celda 4: imagen cargada.
2025-04-19 19:36:58,865 - Successfully loaded image in cell 4
2025-04-19 19:37:00,334 - Saving collage with maximum quality...
2025-04-19 19:37:00,344 - Error saving collage: type object 'PySide6.QtGui.QPainter' has no attribute 'HighQualityAntialiasing'
Traceback (most recent call last):
  File "c:\Users\corte\VS Code Projects\collage_maker\main13.py", line 1766, in save_collage
    painter.setRenderHint(QPainter.HighQualityAntialiasing, True)
                          ^^^^^^^^^^^^^^^^^^^^^^^^^^^^^^^^
AttributeError: type object 'PySide6.QtGui.QPainter' has no attribute 'HighQualityAntialiasing'

2025-05-07 16:32:31,247 - Cell 1 created; size 260x260
2025-05-07 16:32:31,248 - Cell 2 created; size 260x260
2025-05-07 16:32:31,249 - Cell 3 created; size 260x260
2025-05-07 16:32:31,249 - Cell 4 created; size 260x260
2025-05-07 16:32:31,249 - CollageWidget: populated 2x2 grid.
2025-05-07 16:32:31,252 - MainWindow initialized.
2025-05-07 16:39:05,431 - Cell 1 created; size 260x260
2025-05-07 16:39:05,432 - Cell 2 created; size 260x260
2025-05-07 16:39:05,433 - Cell 3 created; size 260x260
2025-05-07 16:39:05,433 - Cell 4 created; size 260x260
2025-05-07 16:39:05,433 - CollageWidget: populated 2x2 grid.
2025-05-07 16:39:05,434 - MainWindow initialized.
2025-05-07 16:41:42,217 - Cell 1 created; size 260x260
2025-05-07 16:41:42,218 - Cell 2 created; size 260x260
2025-05-07 16:41:42,218 - Cell 3 created; size 260x260
2025-05-07 16:41:42,218 - Cell 4 created; size 260x260
2025-05-07 16:41:42,218 - CollageWidget: populated 2x2 grid.
2025-05-07 16:41:42,219 - MainWindow initialized.
2025-05-07 16:42:23,344 - Cell 1 created; size 260x260
2025-05-07 16:42:23,344 - Cell 2 created; size 260x260
2025-05-07 16:42:23,345 - Cell 3 created; size 260x260
2025-05-07 16:42:23,345 - Cell 4 created; size 260x260
2025-05-07 16:42:23,345 - CollageWidget: populated 2x2 grid.
2025-05-07 16:42:23,346 - MainWindow initialized.
2025-05-07 16:42:46,578 - Cell 1: load error: PySide6.QtGui.QImage.scaled(): unsupported keyword 'transformMode'
2025-05-07 16:42:50,970 - Cell 3: load error: PySide6.QtGui.QImage.scaled(): unsupported keyword 'transformMode'
2025-05-07 16:43:04,955 - Cell 2: load error: PySide6.QtGui.QImage.scaled(): unsupported keyword 'transformMode'
2025-05-07 16:43:08,505 - Cell 4: load error: PySide6.QtGui.QImage.scaled(): unsupported keyword 'transformMode'
2025-05-07 16:44:29,630 - Celda 1 creada (tamaño 260x260).
2025-05-07 16:44:29,630 - Celda 2 creada (tamaño 260x260).
2025-05-07 16:44:29,630 - Celda 3 creada (tamaño 260x260).
2025-05-07 16:44:29,630 - Celda 4 creada (tamaño 260x260).
2025-05-07 16:44:29,630 - Collage: creado con 4 celdas.
2025-05-07 16:44:29,631 - Ventana principal inicializada.
2025-05-07 16:44:52,436 - Actualizando collage: 3 filas x 3 columnas.
2025-05-07 16:44:52,436 - Updating grid to 3x3
2025-05-07 16:44:52,437 - Celda 1 creada (tamaño 260x260).
2025-05-07 16:44:52,437 - Celda 2 creada (tamaño 260x260).
2025-05-07 16:44:52,437 - Celda 3 creada (tamaño 260x260).
2025-05-07 16:44:52,438 - Celda 4 creada (tamaño 260x260).
2025-05-07 16:44:52,438 - Celda 5 creada (tamaño 260x260).
2025-05-07 16:44:52,438 - Celda 6 creada (tamaño 260x260).
2025-05-07 16:44:52,438 - Celda 7 creada (tamaño 260x260).
2025-05-07 16:44:52,438 - Celda 8 creada (tamaño 260x260).
2025-05-07 16:44:52,438 - Celda 9 creada (tamaño 260x260).
2025-05-07 16:44:52,438 - Collage: creado con 9 celdas.
2025-05-07 16:45:02,796 - Actualizando collage: 2 filas x 2 columnas.
2025-05-07 16:45:02,796 - Updating grid to 2x2
2025-05-07 16:45:02,797 - Celda 1 creada (tamaño 260x260).
2025-05-07 16:45:02,797 - Celda 2 creada (tamaño 260x260).
2025-05-07 16:45:02,797 - Celda 3 creada (tamaño 260x260).
2025-05-07 16:45:02,797 - Celda 4 creada (tamaño 260x260).
2025-05-07 16:45:02,797 - Collage: creado con 4 celdas.
2025-05-07 16:45:09,334 - Celda 1: dropEvent.
2025-05-07 16:45:09,336 - Celda 1: cargando imagen desde C:/Users/corte/VS Code Projects/Tienda Ebano/assets/images/snacks_salados/Papas Artesanales Merken 150g Lay's.webp
2025-05-07 16:45:09,347 - Image details - Size: 800x800, Format: webp
2025-05-07 16:45:09,358 - Celda 1: imagen cargada.
2025-05-07 16:45:09,359 - Successfully loaded image in cell 1
2025-05-07 16:45:12,621 - Celda 2: dropEvent.
2025-05-07 16:45:12,623 - Celda 2: cargando imagen desde C:/Users/corte/VS Code Projects/Tienda Ebano/assets/images/snacks_salados/Papas-Marco-Polo-Onduladas-200g.webp
2025-05-07 16:45:12,624 - Image details - Size: 800x800, Format: webp
2025-05-07 16:45:12,629 - Celda 2: imagen cargada.
2025-05-07 16:45:12,630 - Successfully loaded image in cell 2
2025-05-07 16:45:15,518 - Celda 3: dropEvent.
2025-05-07 16:45:15,520 - Celda 3: cargando imagen desde C:/Users/corte/VS Code Projects/Tienda Ebano/assets/images/snacks_salados/Papas-Marco-Polo-Caseras-200g.webp
2025-05-07 16:45:15,520 - Image details - Size: 800x800, Format: webp
2025-05-07 16:45:15,525 - Celda 3: imagen cargada.
2025-05-07 16:45:15,526 - Successfully loaded image in cell 3
2025-05-07 16:45:17,166 - Celda 4: dropEvent.
2025-05-07 16:45:17,167 - Celda 4: cargando imagen desde C:/Users/corte/VS Code Projects/Tienda Ebano/assets/images/snacks_salados/Terra Mix Papas 120g.webp
2025-05-07 16:45:17,168 - Image details - Size: 320x320, Format: webp
2025-05-07 16:45:17,169 - Celda 4: imagen cargada.
2025-05-07 16:45:17,170 - Successfully loaded image in cell 4
2025-05-07 16:49:29,711 - Autosave completed: autosave\collage_autosave_20250507_164929.json
2025-05-07 16:54:29,707 - Autosave completed: autosave\collage_autosave_20250507_165429.json
2025-05-07 16:59:29,698 - Autosave completed: autosave\collage_autosave_20250507_165929.json
2025-05-07 17:04:29,691 - Autosave completed: autosave\collage_autosave_20250507_170429.json
2025-05-07 17:09:29,690 - Autosave completed: autosave\collage_autosave_20250507_170929.json
2025-05-07 17:14:29,684 - Autosave completed: autosave\collage_autosave_20250507_171429.json
2025-05-07 17:19:29,676 - Autosave completed: autosave\collage_autosave_20250507_171929.json
2025-05-07 17:24:29,678 - Autosave completed: autosave\collage_autosave_20250507_172429.json
2025-05-07 17:29:29,688 - Autosave completed: autosave\collage_autosave_20250507_172929.json
2025-05-07 17:34:29,673 - Autosave completed: autosave\collage_autosave_20250507_173429.json
2025-05-07 17:39:29,675 - Autosave completed: autosave\collage_autosave_20250507_173929.json
2025-05-07 17:44:29,682 - Autosave completed: autosave\collage_autosave_20250507_174429.json
2025-06-25 01:25:16,526 - Celda 1 creada (tamaño 260x260).
2025-06-25 01:25:16,527 - Celda 2 creada (tamaño 260x260).
2025-06-25 01:25:16,528 - Celda 3 creada (tamaño 260x260).
2025-06-25 01:25:16,528 - Celda 4 creada (tamaño 260x260).
2025-06-25 01:25:16,528 - Collage: creado con 4 celdas.
2025-06-25 01:25:16,529 - Ventana principal inicializada.
2025-06-25 01:25:21,459 - Uncaught exception
Traceback (most recent call last):
  File "c:\Users\corte\VS Code Projects\collage_maker\main13.py", line 3007, in <module>
    window = MainWindow()
  File "c:\Users\corte\VS Code Projects\collage_maker\main13.py", line 1693, in __init__
    self.error_recovery_manager = ErrorRecoveryManager(self)
                                  ^^^^^^^^^^^^^^^^^^^^
NameError: name 'ErrorRecoveryManager' is not defined
2025-06-25 01:25:47,707 - Celda 1 creada (tamaño 260x260).
2025-06-25 01:25:47,707 - Celda 2 creada (tamaño 260x260).
2025-06-25 01:25:47,708 - Celda 3 creada (tamaño 260x260).
2025-06-25 01:25:47,708 - Celda 4 creada (tamaño 260x260).
2025-06-25 01:25:47,708 - Collage: creado con 4 celdas.
2025-06-25 01:25:47,709 - Ventana principal inicializada.
2025-06-25 01:26:12,232 - Application closing, cleanup complete
2025-06-25 01:40:27,082 - Celda 1 creada (tamaño 260x260).
2025-06-25 01:40:27,082 - Celda 2 creada (tamaño 260x260).
2025-06-25 01:40:27,082 - Celda 3 creada (tamaño 260x260).
2025-06-25 01:40:27,083 - Celda 4 creada (tamaño 260x260).
2025-06-25 01:40:27,083 - Collage: creado con 4 celdas.
2025-06-25 01:40:27,083 - Ventana principal inicializada.
2025-06-25 01:40:42,164 - Celda 1: selección cambiada a True.
2025-06-25 01:40:42,627 - Celda 2: selección cambiada a True.
2025-06-25 01:40:45,604 - Merged cells at (0,0) with span 1x2
2025-06-25 01:40:49,579 - Celda 1: selección cambiada a True.
2025-06-25 01:40:50,860 - Need at least 2 cells selected for merging
2025-06-25 01:40:54,308 - Celda 3 creada (tamaño 260x260).
2025-06-25 01:40:54,309 - Celda 4 creada (tamaño 260x260).
2025-06-25 01:40:54,309 - Split merged cell at (0,0)
2025-06-25 01:45:27,076 - Autosave completed: autosave\collage_autosave_20250625_014527.json
2025-06-25 01:50:27,086 - Autosave completed: autosave\collage_autosave_20250625_015027.json
2025-06-25 01:55:27,080 - Autosave completed: autosave\collage_autosave_20250625_015527.json
2025-06-25 02:00:27,074 - Autosave completed: autosave\collage_autosave_20250625_020027.json
2025-06-25 02:05:27,087 - Autosave completed: autosave\collage_autosave_20250625_020527.json
2025-06-25 02:10:27,077 - Autosave completed: autosave\collage_autosave_20250625_021027.json
2025-06-25 02:15:27,081 - Autosave completed: autosave\collage_autosave_20250625_021527.json
2025-06-25 02:20:27,081 - Autosave completed: autosave\collage_autosave_20250625_022027.json
2025-06-25 02:25:27,076 - Autosave completed: autosave\collage_autosave_20250625_022527.json
2025-06-25 02:30:27,079 - Autosave completed: autosave\collage_autosave_20250625_023027.json
2025-06-25 02:35:27,080 - Autosave completed: autosave\collage_autosave_20250625_023527.json
2025-06-25 02:40:27,077 - Autosave completed: autosave\collage_autosave_20250625_024027.json
2025-06-25 02:45:27,074 - Autosave completed: autosave\collage_autosave_20250625_024527.json
2025-06-25 02:50:27,082 - Autosave completed: autosave\collage_autosave_20250625_025027.json
2025-06-25 02:55:27,081 - Autosave completed: autosave\collage_autosave_20250625_025527.json
2025-06-25 03:00:27,087 - Autosave completed: autosave\collage_autosave_20250625_030027.json
2025-06-25 03:05:27,076 - Autosave completed: autosave\collage_autosave_20250625_030527.json
2025-06-25 03:10:27,090 - Autosave completed: autosave\collage_autosave_20250625_031027.json
2025-06-25 03:15:27,091 - Autosave completed: autosave\collage_autosave_20250625_031527.json
2025-06-25 03:20:27,081 - Autosave completed: autosave\collage_autosave_20250625_032027.json
2025-06-25 03:25:27,091 - Autosave completed: autosave\collage_autosave_20250625_032527.json
2025-06-25 03:30:27,079 - Autosave completed: autosave\collage_autosave_20250625_033027.json
2025-06-25 03:35:27,080 - Autosave completed: autosave\collage_autosave_20250625_033527.json
2025-06-25 03:40:27,083 - Autosave completed: autosave\collage_autosave_20250625_034027.json
2025-06-25 03:45:27,074 - Autosave completed: autosave\collage_autosave_20250625_034527.json
2025-06-25 03:50:27,081 - Autosave completed: autosave\collage_autosave_20250625_035027.json
2025-06-25 03:55:27,077 - Autosave completed: autosave\collage_autosave_20250625_035527.json
2025-06-25 04:00:27,073 - Autosave completed: autosave\collage_autosave_20250625_040027.json
2025-06-25 04:05:27,076 - Autosave completed: autosave\collage_autosave_20250625_040527.json
2025-06-25 04:10:27,085 - Autosave completed: autosave\collage_autosave_20250625_041027.json
2025-06-25 04:15:27,075 - Autosave completed: autosave\collage_autosave_20250625_041527.json
2025-06-25 04:20:27,088 - Autosave completed: autosave\collage_autosave_20250625_042027.json
2025-06-25 04:25:27,073 - Autosave completed: autosave\collage_autosave_20250625_042527.json
2025-06-25 04:30:27,084 - Autosave completed: autosave\collage_autosave_20250625_043027.json
2025-06-25 04:35:27,082 - Autosave completed: autosave\collage_autosave_20250625_043527.json
2025-06-25 04:40:27,090 - Autosave completed: autosave\collage_autosave_20250625_044027.json
2025-06-25 04:45:27,073 - Autosave completed: autosave\collage_autosave_20250625_044527.json
2025-06-25 04:50:27,078 - Autosave completed: autosave\collage_autosave_20250625_045027.json
2025-06-25 04:55:27,083 - Autosave completed: autosave\collage_autosave_20250625_045527.json
2025-06-25 05:00:27,085 - Autosave completed: autosave\collage_autosave_20250625_050027.json
2025-06-25 05:05:27,080 - Autosave completed: autosave\collage_autosave_20250625_050527.json
2025-06-25 05:10:27,083 - Autosave completed: autosave\collage_autosave_20250625_051027.json
2025-06-25 05:15:27,088 - Autosave completed: autosave\collage_autosave_20250625_051527.json
2025-06-25 05:20:27,087 - Autosave completed: autosave\collage_autosave_20250625_052027.json
2025-06-25 05:25:27,075 - Autosave completed: autosave\collage_autosave_20250625_052527.json
2025-06-25 05:30:27,077 - Autosave completed: autosave\collage_autosave_20250625_053027.json
2025-06-25 05:35:27,077 - Autosave completed: autosave\collage_autosave_20250625_053527.json
2025-06-25 05:40:27,090 - Autosave completed: autosave\collage_autosave_20250625_054027.json
2025-06-25 05:45:27,079 - Autosave completed: autosave\collage_autosave_20250625_054527.json
2025-06-25 05:50:27,076 - Autosave completed: autosave\collage_autosave_20250625_055027.json
2025-06-25 05:55:27,085 - Autosave completed: autosave\collage_autosave_20250625_055527.json
2025-06-25 06:00:27,078 - Autosave completed: autosave\collage_autosave_20250625_060027.json
2025-06-25 06:05:27,076 - Autosave completed: autosave\collage_autosave_20250625_060527.json
2025-06-25 06:10:27,080 - Autosave completed: autosave\collage_autosave_20250625_061027.json
2025-06-25 06:15:27,074 - Autosave completed: autosave\collage_autosave_20250625_061527.json
2025-06-25 06:20:27,072 - Autosave completed: autosave\collage_autosave_20250625_062027.json
2025-06-25 06:25:27,084 - Autosave completed: autosave\collage_autosave_20250625_062527.json
2025-06-25 06:30:27,087 - Autosave completed: autosave\collage_autosave_20250625_063027.json
2025-06-25 06:35:27,076 - Autosave completed: autosave\collage_autosave_20250625_063527.json
2025-06-25 06:40:27,085 - Autosave completed: autosave\collage_autosave_20250625_064027.json
2025-06-25 06:45:27,079 - Autosave completed: autosave\collage_autosave_20250625_064527.json
2025-06-25 06:50:27,087 - Autosave completed: autosave\collage_autosave_20250625_065027.json
2025-06-25 06:55:27,080 - Autosave completed: autosave\collage_autosave_20250625_065527.json
2025-06-25 07:00:27,083 - Autosave completed: autosave\collage_autosave_20250625_070027.json
2025-06-25 07:05:27,083 - Autosave completed: autosave\collage_autosave_20250625_070527.json
2025-06-25 07:10:27,084 - Autosave completed: autosave\collage_autosave_20250625_071027.json
2025-06-25 07:15:27,073 - Autosave completed: autosave\collage_autosave_20250625_071527.json
2025-06-25 07:20:27,074 - Autosave completed: autosave\collage_autosave_20250625_072027.json
2025-06-25 07:25:27,085 - Autosave completed: autosave\collage_autosave_20250625_072527.json
2025-06-25 07:30:27,088 - Autosave completed: autosave\collage_autosave_20250625_073027.json
2025-06-25 07:35:27,083 - Autosave completed: autosave\collage_autosave_20250625_073527.json
2025-06-25 07:40:27,088 - Autosave completed: autosave\collage_autosave_20250625_074027.json
2025-06-25 07:45:27,074 - Autosave completed: autosave\collage_autosave_20250625_074527.json
2025-06-25 07:50:27,077 - Autosave completed: autosave\collage_autosave_20250625_075027.json
2025-06-25 07:55:27,080 - Autosave completed: autosave\collage_autosave_20250625_075527.json
2025-06-25 08:00:27,086 - Autosave completed: autosave\collage_autosave_20250625_080027.json
2025-06-25 08:05:27,077 - Autosave completed: autosave\collage_autosave_20250625_080527.json
2025-06-25 08:10:27,077 - Autosave completed: autosave\collage_autosave_20250625_081027.json
2025-06-25 08:15:27,080 - Autosave completed: autosave\collage_autosave_20250625_081527.json
2025-06-25 08:20:27,077 - Autosave completed: autosave\collage_autosave_20250625_082027.json
2025-06-25 08:25:27,082 - Autosave completed: autosave\collage_autosave_20250625_082527.json
2025-06-25 08:30:27,075 - Autosave completed: autosave\collage_autosave_20250625_083027.json
2025-06-25 08:35:27,079 - Autosave completed: autosave\collage_autosave_20250625_083527.json
2025-06-25 08:40:27,076 - Autosave completed: autosave\collage_autosave_20250625_084027.json
2025-06-25 08:45:27,089 - Autosave completed: autosave\collage_autosave_20250625_084527.json
2025-06-25 08:50:27,084 - Autosave completed: autosave\collage_autosave_20250625_085027.json
2025-06-25 08:55:27,082 - Autosave completed: autosave\collage_autosave_20250625_085527.json
2025-06-25 09:00:27,078 - Autosave completed: autosave\collage_autosave_20250625_090027.json
2025-06-25 09:05:27,072 - Autosave completed: autosave\collage_autosave_20250625_090527.json
2025-06-25 09:10:27,080 - Autosave completed: autosave\collage_autosave_20250625_091027.json
2025-06-25 09:15:27,080 - Autosave completed: autosave\collage_autosave_20250625_091527.json
2025-06-25 09:20:27,072 - Autosave completed: autosave\collage_autosave_20250625_092027.json
2025-06-25 09:25:27,077 - Autosave completed: autosave\collage_autosave_20250625_092527.json
2025-06-25 09:30:27,084 - Autosave completed: autosave\collage_autosave_20250625_093027.json
2025-06-25 09:35:27,083 - Autosave completed: autosave\collage_autosave_20250625_093527.json
2025-06-25 09:40:27,080 - Autosave completed: autosave\collage_autosave_20250625_094027.json
2025-06-25 09:45:27,084 - Autosave completed: autosave\collage_autosave_20250625_094527.json
2025-06-25 09:50:27,075 - Autosave completed: autosave\collage_autosave_20250625_095027.json
2025-06-25 09:55:27,082 - Autosave completed: autosave\collage_autosave_20250625_095527.json
2025-06-25 10:00:27,082 - Autosave completed: autosave\collage_autosave_20250625_100027.json
2025-06-25 10:05:27,078 - Autosave completed: autosave\collage_autosave_20250625_100527.json
2025-06-25 10:10:27,079 - Autosave completed: autosave\collage_autosave_20250625_101027.json
2025-06-25 10:15:27,088 - Autosave completed: autosave\collage_autosave_20250625_101527.json
2025-06-25 10:20:27,075 - Autosave completed: autosave\collage_autosave_20250625_102027.json
2025-06-25 10:25:27,075 - Autosave completed: autosave\collage_autosave_20250625_102527.json
2025-06-25 10:30:27,083 - Autosave completed: autosave\collage_autosave_20250625_103027.json
2025-06-25 10:35:27,077 - Autosave completed: autosave\collage_autosave_20250625_103527.json
2025-06-25 10:40:27,080 - Autosave completed: autosave\collage_autosave_20250625_104027.json
2025-06-25 10:45:27,082 - Autosave completed: autosave\collage_autosave_20250625_104527.json
2025-06-25 10:50:27,082 - Autosave completed: autosave\collage_autosave_20250625_105027.json
2025-06-25 10:55:27,076 - Autosave completed: autosave\collage_autosave_20250625_105527.json
2025-06-25 11:00:27,083 - Autosave completed: autosave\collage_autosave_20250625_110027.json
2025-06-25 11:05:27,075 - Autosave completed: autosave\collage_autosave_20250625_110527.json
2025-06-25 11:10:27,086 - Autosave completed: autosave\collage_autosave_20250625_111027.json
2025-06-25 11:15:27,087 - Autosave completed: autosave\collage_autosave_20250625_111527.json
2025-06-25 11:20:27,074 - Autosave completed: autosave\collage_autosave_20250625_112027.json
2025-06-25 11:25:27,080 - Autosave completed: autosave\collage_autosave_20250625_112527.json
2025-06-25 11:30:27,075 - Autosave completed: autosave\collage_autosave_20250625_113027.json
2025-06-25 11:35:27,074 - Autosave completed: autosave\collage_autosave_20250625_113527.json
2025-06-25 11:40:27,082 - Autosave completed: autosave\collage_autosave_20250625_114027.json
2025-06-25 11:45:27,090 - Autosave completed: autosave\collage_autosave_20250625_114527.json
2025-06-25 11:50:27,088 - Autosave completed: autosave\collage_autosave_20250625_115027.json
2025-06-25 11:55:27,081 - Autosave completed: autosave\collage_autosave_20250625_115527.json
2025-06-25 12:00:27,082 - Autosave completed: autosave\collage_autosave_20250625_120027.json
2025-06-25 12:05:27,072 - Autosave completed: autosave\collage_autosave_20250625_120527.json
2025-06-25 12:10:27,077 - Autosave completed: autosave\collage_autosave_20250625_121027.json
2025-06-25 12:15:27,082 - Autosave completed: autosave\collage_autosave_20250625_121527.json
2025-06-25 12:20:27,079 - Autosave completed: autosave\collage_autosave_20250625_122027.json
2025-06-25 12:25:27,075 - Autosave completed: autosave\collage_autosave_20250625_122527.json
2025-06-25 12:30:27,078 - Autosave completed: autosave\collage_autosave_20250625_123027.json
2025-06-25 12:35:27,077 - Autosave completed: autosave\collage_autosave_20250625_123527.json
2025-06-25 12:40:27,083 - Autosave completed: autosave\collage_autosave_20250625_124027.json
2025-06-25 12:45:27,083 - Autosave completed: autosave\collage_autosave_20250625_124527.json
2025-06-25 12:50:27,082 - Autosave completed: autosave\collage_autosave_20250625_125027.json
2025-06-25 12:55:27,075 - Autosave completed: autosave\collage_autosave_20250625_125527.json
2025-06-25 13:00:27,085 - Autosave completed: autosave\collage_autosave_20250625_130027.json
2025-06-25 13:05:27,087 - Autosave completed: autosave\collage_autosave_20250625_130527.json
2025-06-25 13:10:27,085 - Autosave completed: autosave\collage_autosave_20250625_131027.json
2025-06-25 13:15:27,082 - Autosave completed: autosave\collage_autosave_20250625_131527.json
2025-06-25 13:20:27,083 - Autosave completed: autosave\collage_autosave_20250625_132027.json
2025-06-25 13:25:27,075 - Autosave completed: autosave\collage_autosave_20250625_132527.json
2025-06-25 13:30:27,081 - Autosave completed: autosave\collage_autosave_20250625_133027.json
2025-06-25 13:35:27,079 - Autosave completed: autosave\collage_autosave_20250625_133527.json
2025-06-25 13:40:27,079 - Autosave completed: autosave\collage_autosave_20250625_134027.json
2025-06-25 13:45:27,076 - Autosave completed: autosave\collage_autosave_20250625_134527.json
2025-06-25 13:50:27,089 - Autosave completed: autosave\collage_autosave_20250625_135027.json
2025-06-25 13:55:27,074 - Autosave completed: autosave\collage_autosave_20250625_135527.json
2025-06-25 14:00:27,073 - Autosave completed: autosave\collage_autosave_20250625_140027.json
2025-06-25 14:05:27,076 - Autosave completed: autosave\collage_autosave_20250625_140527.json
2025-06-25 14:10:27,077 - Autosave completed: autosave\collage_autosave_20250625_141027.json
2025-06-25 14:15:27,080 - Autosave completed: autosave\collage_autosave_20250625_141527.json
2025-06-25 14:20:27,088 - Autosave completed: autosave\collage_autosave_20250625_142027.json
2025-06-25 14:25:27,073 - Autosave completed: autosave\collage_autosave_20250625_142527.json
2025-06-25 14:30:27,085 - Autosave completed: autosave\collage_autosave_20250625_143027.json
2025-06-25 14:35:27,087 - Autosave completed: autosave\collage_autosave_20250625_143527.json
2025-06-25 14:40:27,096 - Autosave completed: autosave\collage_autosave_20250625_144027.json
2025-06-25 14:45:27,099 - Autosave completed: autosave\collage_autosave_20250625_144527.json
2025-06-25 14:50:27,105 - Autosave completed: autosave\collage_autosave_20250625_145027.json
2025-06-25 14:55:27,097 - Autosave completed: autosave\collage_autosave_20250625_145527.json
2025-06-25 15:00:27,097 - Autosave completed: autosave\collage_autosave_20250625_150027.json
2025-06-25 15:05:27,100 - Autosave completed: autosave\collage_autosave_20250625_150527.json
2025-06-25 15:10:27,095 - Autosave completed: autosave\collage_autosave_20250625_151027.json
2025-06-25 15:15:27,104 - Autosave completed: autosave\collage_autosave_20250625_151527.json
2025-06-25 15:20:27,094 - Autosave completed: autosave\collage_autosave_20250625_152027.json
2025-06-25 15:25:27,097 - Autosave completed: autosave\collage_autosave_20250625_152527.json
2025-06-25 15:30:27,103 - Autosave completed: autosave\collage_autosave_20250625_153027.json
2025-06-25 15:35:27,098 - Autosave completed: autosave\collage_autosave_20250625_153527.json
2025-06-25 15:40:27,092 - Autosave completed: autosave\collage_autosave_20250625_154027.json
2025-06-25 15:45:27,099 - Autosave completed: autosave\collage_autosave_20250625_154527.json
2025-06-25 15:50:27,101 - Autosave completed: autosave\collage_autosave_20250625_155027.json
2025-06-25 15:55:27,090 - Autosave completed: autosave\collage_autosave_20250625_155527.json
2025-06-25 16:00:27,093 - Autosave completed: autosave\collage_autosave_20250625_160027.json
2025-06-25 16:05:27,104 - Autosave completed: autosave\collage_autosave_20250625_160527.json
2025-06-25 16:10:27,088 - Autosave completed: autosave\collage_autosave_20250625_161027.json
2025-06-25 16:15:27,092 - Autosave completed: autosave\collage_autosave_20250625_161527.json
2025-06-25 16:20:27,092 - Autosave completed: autosave\collage_autosave_20250625_162027.json
2025-06-25 16:25:27,099 - Autosave completed: autosave\collage_autosave_20250625_162527.json
2025-06-25 16:30:27,093 - Autosave completed: autosave\collage_autosave_20250625_163027.json
2025-06-25 16:35:27,090 - Autosave completed: autosave\collage_autosave_20250625_163527.json
2025-06-25 16:40:27,092 - Autosave completed: autosave\collage_autosave_20250625_164027.json
2025-06-25 16:45:27,090 - Autosave completed: autosave\collage_autosave_20250625_164527.json
2025-06-25 16:46:52,532 - Actualizando collage: 2 filas x 3 columnas.
2025-06-25 16:46:52,532 - Updating grid to 2x3
2025-06-25 16:46:52,534 - Celda 1 creada (tamaño 260x260).
2025-06-25 16:46:52,534 - Celda 2 creada (tamaño 260x260).
2025-06-25 16:46:52,535 - Celda 3 creada (tamaño 260x260).
2025-06-25 16:46:52,536 - Celda 4 creada (tamaño 260x260).
2025-06-25 16:46:52,536 - Celda 5 creada (tamaño 260x260).
2025-06-25 16:46:52,537 - Celda 6 creada (tamaño 260x260).
2025-06-25 16:46:52,537 - Collage: creado con 6 celdas.
2025-06-25 16:46:54,492 - Actualizando collage: 2 filas x 2 columnas.
2025-06-25 16:46:54,493 - Updating grid to 2x2
2025-06-25 16:46:54,493 - Celda 1 creada (tamaño 260x260).
2025-06-25 16:46:54,494 - Celda 2 creada (tamaño 260x260).
2025-06-25 16:46:54,496 - Celda 3 creada (tamaño 260x260).
2025-06-25 16:46:54,496 - Celda 4 creada (tamaño 260x260).
2025-06-25 16:46:54,497 - Collage: creado con 4 celdas.
2025-06-25 16:48:33,558 - Application closing, cleanup complete
